Start testing: Jul 30 02:32 中国标准时间
----------------------------------------------------------
1/3 Testing: protocol
1/3 Test: protocol
Command: "C:/Users/icemi/Desktop/RZS_Repository/RES/firmware/build-mingw/test_res_protocol.exe"
Directory: C:/Users/icemi/Desktop/RZS_Repository/RES/firmware/build-mingw
"protocol" start time: Jul 30 02:32 中国标准时间
Output:
----------------------------------------------------------
test_res_protocol: PASS
<end of output>
Test time =   0.05 sec
----------------------------------------------------------
Test Passed.
"protocol" end time: Jul 30 02:32 中国标准时间
"protocol" time elapsed: 00:00:00
----------------------------------------------------------

2/3 Testing: remote_state_machine
2/3 Test: remote_state_machine
Command: "C:/Users/icemi/Desktop/RZS_Repository/RES/firmware/build-mingw/test_res_remote.exe"
Directory: C:/Users/icemi/Desktop/RZS_Repository/RES/firmware/build-mingw
"remote_state_machine" start time: Jul 30 02:32 中国标准时间
Output:
----------------------------------------------------------
test_res_remote: PASS
<end of output>
Test time =   0.06 sec
----------------------------------------------------------
Test Passed.
"remote_state_machine" end time: Jul 30 02:32 中国标准时间
"remote_state_machine" time elapsed: 00:00:00
----------------------------------------------------------

3/3 Testing: vehicle_state_machine
3/3 Test: vehicle_state_machine
Command: "C:/Users/icemi/Desktop/RZS_Repository/RES/firmware/build-mingw/test_res_vehicle.exe"
Directory: C:/Users/icemi/Desktop/RZS_Repository/RES/firmware/build-mingw
"vehicle_state_machine" start time: Jul 30 02:32 中国标准时间
Output:
----------------------------------------------------------
test_res_vehicle: PASS
<end of output>
Test time =   0.04 sec
----------------------------------------------------------
Test Passed.
"vehicle_state_machine" end time: Jul 30 02:32 中国标准时间
"vehicle_state_machine" time elapsed: 00:00:00
----------------------------------------------------------

End testing: Jul 30 02:32 中国标准时间
